{"item": "cord organizer", "user": 971, "date": "2023-10-03T07:45:26Z"}
{"item": "wireless charger", "user": 141, "date": "2023-10-03T07:45:26Z"}
{"item": "smart mirror", "user": 314, "date": "2023-10-03T07:45:26Z"}
{"item": "bluetooth speaker", "user": 373, "date": "2023-10-03T07:45:26Z"}
{"item": "thermal paste", "user": 644, "date": "2023-10-03T07:45:26Z"}
{"item": "smart glasses", "user": 865, "date": "2023-10-03T07:45:26Z"}
{"item": "wireless charger", "user": 57, "date": "2023-10-03T07:45:26Z"}
{"item": "smartphone", "user": 501, "date": "2023-10-03T07:45:26Z"}
{"item": "LED matrix display", "user": 408, "date": "2023-10-03T07:45:26Z"}
{"item": "thermal imaging camera", "user": 953, "date": "2023-10-03T07:45:26Z"}
{"item": "gaming keyboard", "user": 950, "date": "2023-10-03T07:45:26Z"}
{"item": "video doorbell", "user": 320, "date": "2023-10-03T07:45:26Z"}
{"item": "3D printer", "user": 259, "date": "2023-10-03T07:45:26Z"}
{"item": "microphone", "user": 371, "date": "2023-10-03T07:45:26Z"}
{"item": "power bank", "user": 325, "date": "2023-10-03T07:45:26Z"}
{"item": "smart lock", "user": 288, "date": "2023-10-03T07:45:26Z"}
{"item": "printer", "user": 796, "date": "2023-10-03T07:45:26Z"}
{"item": "printer", "user": 263, "date": "2023-10-03T07:45:26Z"}
{"item": "e-reader", "user": 549, "date": "2023-10-03T07:45:26Z"}
{"item": "surround sound system", "user": 566, "date": "2023-10-03T07:45:26Z"}
{"item": "wireless earbuds", "user": 789, "date": "2023-10-03T07:45:26Z"}
{"item": "microphone", "user": 340, "date": "2023-10-03T07:45:26Z"}
{"item": "HDMI cable", "user": 609, "date": "2023-10-03T07:45:26Z"}
{"item": "walkie-talkie", "user": 738, "date": "2023-10-03T07:45:26Z"}
{"item": "voice amplifier", "user": 488, "date": "2023-10-03T07:45:26Z"}
{"item": "gaming console", "user": 984, "date": "2023-10-03T07:45:26Z"}
{"item": "robot vacuum", "user": 173, "date": "2023-10-03T07:45:26Z"}
{"item": "camera", "user": 531, "date": "2023-10-03T07:45:26Z"}
{"item": "gaming keyboard", "user": 414, "date": "2023-10-03T07:45:26Z"}
{"item": "HDMI cable", "user": 692, "date": "2023-10-03T07:45:26Z"}
{"item": "hard disk drive", "user": 62, "date": "2023-10-03T07:45:26Z"}
{"item": "robotic sensor", "user": 66, "date": "2023-10-03T07:45:26Z"}
{"item": "smart ring", "user": 240, "date": "2023-10-03T07:45:26Z"}
{"item": "electronic scale", "user": 108, "date": "2023-10-03T07:45:26Z"}
{"item": "microphone", "user": 347, "date": "2023-10-03T07:45:26Z"}
{"item": "CNC machine", "user": 880, "date": "2023-10-03T07:45:26Z"}
{"item": "smartphone", "user": 14, "date": "2023-10-03T07:45:26Z"}
{"item": "GPS tracker", "user": 375, "date": "2023-10-03T07:45:26Z"}
{"item": "LED matrix display", "user": 539, "date": "2023-10-03T07:45:26Z"}
{"item": "video switcher", "user": 44, "date": "2023-10-03T07:45:26Z"}
{"item": "POS system", "user": 112, "date": "2023-10-03T07:45:26Z"}
{"item": "mouse", "user": 104, "date": "2023-10-03T07:45:26Z"}
{"item": "laptop", "user": 693, "date": "2023-10-03T07:45:26Z"}
{"item": "smart gloves", "user": 941, "date": "2023-10-03T07:45:26Z"}
{"item": "wireless charger", "user": 349, "date": "2023-10-03T07:45:26Z"}
{"item": "handheld scanner", "user": 555, "date": "2023-10-03T07:45:26Z"}
{"item": "handheld scanner", "user": 467, "date": "2023-10-03T07:45:26Z"}
{"item": "3D printer", "user": 779, "date": "2023-10-03T07:45:26Z"}
{"item": "signal generator", "user": 393, "date": "2023-10-03T07:45:26Z"}
{"item": "power strip", "user": 244, "date": "2023-10-03T07:45:26Z"}
