{"item": "handheld scanner", "user": 384, "date": "2023-10-03T08:11:24Z"}
{"item": "smartphone", "user": 110, "date": "2023-10-03T08:11:24Z"}
{"item": "graphing tablet", "user": 58, "date": "2023-10-03T08:11:24Z"}
{"item": "robotic arm", "user": 191, "date": "2023-10-03T08:11:24Z"}
{"item": "VR treadmill", "user": 59, "date": "2023-10-03T08:11:24Z"}
{"item": "dual monitor stand", "user": 792, "date": "2023-10-03T08:11:24Z"}
{"item": "smart belt", "user": 30, "date": "2023-10-03T08:11:24Z"}
{"item": "solar calculator", "user": 503, "date": "2023-10-03T08:11:24Z"}
{"item": "wireless mouse", "user": 55, "date": "2023-10-03T08:11:24Z"}
{"item": "USB flash drive", "user": 137, "date": "2023-10-03T08:11:24Z"}
{"item": "robotic controller", "user": 969, "date": "2023-10-03T08:11:24Z"}
{"item": "scientific calculator", "user": 383, "date": "2023-10-03T08:11:24Z"}
{"item": "smart bulb", "user": 887, "date": "2023-10-03T08:11:24Z"}
{"item": "robot vacuum", "user": 851, "date": "2023-10-03T08:11:24Z"}
{"item": "soldering iron", "user": 632, "date": "2023-10-03T08:11:24Z"}
{"item": "digital microscope", "user": 568, "date": "2023-10-03T08:11:24Z"}
{"item": "RFID reader", "user": 857, "date": "2023-10-03T08:11:24Z"}
{"item": "robotic controller", "user": 476, "date": "2023-10-03T08:11:24Z"}
{"item": "video doorbell", "user": 291, "date": "2023-10-03T08:11:24Z"}
{"item": "drone", "user": 448, "date": "2023-10-03T08:11:24Z"}
{"item": "POS system", "user": 285, "date": "2023-10-03T08:11:24Z"}
{"item": "USB microphone", "user": 873, "date": "2023-10-03T08:11:24Z"}
{"item": "fitness tracker", "user": 300, "date": "2023-10-03T08:11:24Z"}
{"item": "robotic toy", "user": 896, "date": "2023-10-03T08:11:24Z"}
{"item": "camera", "user": 435, "date": "2023-10-03T08:11:24Z"}
{"item": "keyboard", "user": 892, "date": "2023-10-03T08:11:24Z"}
{"item": "smart gloves", "user": 797, "date": "2023-10-03T08:11:24Z"}
{"item": "barometric pressure sensor", "user": 127, "date": "2023-10-03T08:11:24Z"}
{"item": "portable charger", "user": 152, "date": "2023-10-03T08:11:24Z"}
{"item": "smart belt", "user": 853, "date": "2023-10-03T08:11:24Z"}
{"item": "circuit board", "user": 543, "date": "2023-10-03T08:11:24Z"}
{"item": "signal oscilloscope", "user": 785, "date": "2023-10-03T08:11:24Z"}
{"item": "wireless barcode scanner", "user": 521, "date": "2023-10-03T08:11:24Z"}
{"item": "signal oscilloscope", "user": 937, "date": "2023-10-03T08:11:24Z"}
{"item": "RAM", "user": 401, "date": "2023-10-03T08:11:24Z"}
{"item": "RFID tag", "user": 157, "date": "2023-10-03T08:11:24Z"}
{"item": "universal remote", "user": 572, "date": "2023-10-03T08:11:24Z"}
{"item": "laptop", "user": 297, "date": "2023-10-03T08:11:24Z"}
{"item": "robotic software", "user": 410, "date": "2023-10-03T08:11:24Z"}
{"item": "USB flash drive", "user": 248, "date": "2023-10-03T08:11:24Z"}
{"item": "smart belt", "user": 178, "date": "2023-10-03T08:11:24Z"}
{"item": "computer processor", "user": 221, "date": "2023-10-03T08:11:24Z"}
{"item": "motherboard", "user": 763, "date": "2023-10-03T08:11:24Z"}
{"item": "circuit simulator", "user": 32, "date": "2023-10-03T08:11:24Z"}
{"item": "walkie-talkie", "user": 508, "date": "2023-10-03T08:11:24Z"}
{"item": "barcode scanner", "user": 608, "date": "2023-10-03T08:11:24Z"}
{"item": "thermal paste", "user": 506, "date": "2023-10-03T08:11:24Z"}
{"item": "external hard drive", "user": 637, "date": "2023-10-03T08:11:24Z"}
{"item": "smart gloves", "user": 552, "date": "2023-10-03T08:11:24Z"}
{"item": "robotic controller", "user": 729, "date": "2023-10-03T08:11:24Z"}
