{"item": "gaming keyboard", "user": 416, "date": "2023-10-03T08:11:24Z"}
{"item": "graphing tablet", "user": 812, "date": "2023-10-03T08:11:24Z"}
{"item": "Wearable fitness tracker", "user": 433, "date": "2023-10-03T08:11:24Z"}
{"item": "microphone", "user": 482, "date": "2023-10-03T08:11:24Z"}
{"item": "thermal paste", "user": 390, "date": "2023-10-03T08:11:24Z"}
{"item": "TV wall mount", "user": 189, "date": "2023-10-03T08:11:24Z"}
{"item": "microSD card", "user": 520, "date": "2023-10-03T08:11:24Z"}
{"item": "smart belt", "user": 119, "date": "2023-10-03T08:11:24Z"}
{"item": "digital oscilloscope", "user": 575, "date": "2023-10-03T08:11:24Z"}
{"item": "motherboard", "user": 632, "date": "2023-10-03T08:11:24Z"}
{"item": "USB hub", "user": 220, "date": "2023-10-03T08:11:24Z"}
{"item": "soundbar", "user": 18, "date": "2023-10-03T08:11:24Z"}
{"item": "VR headset", "user": 597, "date": "2023-10-03T08:11:24Z"}
{"item": "smart thermostat", "user": 479, "date": "2023-10-03T08:11:24Z"}
{"item": "scientific calculator", "user": 287, "date": "2023-10-03T08:11:24Z"}
{"item": "VR headset", "user": 614, "date": "2023-10-03T08:11:24Z"}
{"item": "RAM", "user": 178, "date": "2023-10-03T08:11:24Z"}
{"item": "digital hygrometer", "user": 200, "date": "2023-10-03T08:11:24Z"}
{"item": "RAM", "user": 816, "date": "2023-10-03T08:11:24Z"}
{"item": "microcontroller", "user": 269, "date": "2023-10-03T08:11:24Z"}
{"item": "Raspberry Pi", "user": 36, "date": "2023-10-03T08:11:24Z"}
{"item": "TV wall mount", "user": 394, "date": "2023-10-03T08:11:24Z"}
{"item": "smart bulb", "user": 311, "date": "2023-10-03T08:11:24Z"}
{"item": "inkjet printer", "user": 332, "date": "2023-10-03T08:11:24Z"}
{"item": "robotic controller", "user": 335, "date": "2023-10-03T08:11:24Z"}
{"item": "action camera", "user": 86, "date": "2023-10-03T08:11:24Z"}
{"item": "thermal paste", "user": 566, "date": "2023-10-03T08:11:24Z"}
{"item": "USB microphone", "user": 430, "date": "2023-10-03T08:11:24Z"}
{"item": "USB-C dock", "user": 891, "date": "2023-10-03T08:11:24Z"}
{"item": "circuit board", "user": 88, "date": "2023-10-03T08:11:24Z"}
{"item": "SIM card reader", "user": 396, "date": "2023-10-03T08:11:24Z"}
{"item": "tablet", "user": 291, "date": "2023-10-03T08:11:24Z"}
{"item": "3D printing pen", "user": 517, "date": "2023-10-03T08:11:24Z"}
{"item": "wireless microphone", "user": 779, "date": "2023-10-03T08:11:24Z"}
{"item": "graphing calculator", "user": 689, "date": "2023-10-03T08:11:24Z"}
{"item": "VR headset", "user": 872, "date": "2023-10-03T08:11:24Z"}
{"item": "USB microscope", "user": 451, "date": "2023-10-03T08:11:24Z"}
{"item": "robotic exoskeleton", "user": 190, "date": "2023-10-03T08:11:24Z"}
{"item": "cord organizer", "user": 559, "date": "2023-10-03T08:11:24Z"}
{"item": "voice recorder", "user": 412, "date": "2023-10-03T08:11:24Z"}
{"item": "smartwatch", "user": 894, "date": "2023-10-03T08:11:24Z"}
{"item": "robotic prosthetic", "user": 420, "date": "2023-10-03T08:11:24Z"}
{"item": "graphing calculator", "user": 421, "date": "2023-10-03T08:11:24Z"}
{"item": "laser printer", "user": 705, "date": "2023-10-03T08:11:24Z"}
{"item": "POS system", "user": 465, "date": "2023-10-03T08:11:24Z"}
{"item": "robot arm", "user": 151, "date": "2023-10-03T08:11:24Z"}
{"item": "solid-state drive", "user": 120, "date": "2023-10-03T08:11:24Z"}
{"item": "SIM card reader", "user": 572, "date": "2023-10-03T08:11:24Z"}
{"item": "robotic prosthetic", "user": 931, "date": "2023-10-03T08:11:24Z"}
{"item": "POS system", "user": 666, "date": "2023-10-03T08:11:24Z"}
