{"item": "electronic scale", "user": 471, "date": "2023-10-03T08:11:24Z"}
{"item": "drone", "user": 295, "date": "2023-10-03T08:11:24Z"}
{"item": "camera", "user": 142, "date": "2023-10-03T08:11:24Z"}
{"item": "external DVD drive", "user": 445, "date": "2023-10-03T08:11:24Z"}
{"item": "GPS tracker", "user": 967, "date": "2023-10-03T08:11:24Z"}
{"item": "robotic prosthetic", "user": 383, "date": "2023-10-03T08:11:24Z"}
{"item": "smart lock", "user": 484, "date": "2023-10-03T08:11:24Z"}
{"item": "TV wall mount", "user": 369, "date": "2023-10-03T08:11:24Z"}
{"item": "computer processor", "user": 684, "date": "2023-10-03T08:11:24Z"}
{"item": "tablet", "user": 622, "date": "2023-10-03T08:11:24Z"}
{"item": "smart gloves", "user": 479, "date": "2023-10-03T08:11:24Z"}
{"item": "thermal paste", "user": 398, "date": "2023-10-03T08:11:24Z"}
{"item": "mouse", "user": 497, "date": "2023-10-03T08:11:24Z"}
{"item": "video doorbell", "user": 466, "date": "2023-10-03T08:11:24Z"}
{"item": "wireless microphone", "user": 461, "date": "2023-10-03T08:11:24Z"}
{"item": "Arduino board", "user": 772, "date": "2023-10-03T08:11:24Z"}
{"item": "microphone", "user": 376, "date": "2023-10-03T08:11:24Z"}
{"item": "action camera", "user": 671, "date": "2023-10-03T08:11:24Z"}
{"item": "solar panel", "user": 135, "date": "2023-10-03T08:11:24Z"}
{"item": "USB flash drive", "user": 800, "date": "2023-10-03T08:11:24Z"}
{"item": "3D printer", "user": 632, "date": "2023-10-03T08:11:24Z"}
{"item": "voice recorder", "user": 571, "date": "2023-10-03T08:11:24Z"}
{"item": "electronic scale", "user": 218, "date": "2023-10-03T08:11:24Z"}
{"item": "stylus pen", "user": 848, "date": "2023-10-03T08:11:24Z"}
{"item": "gaming headset", "user": 76, "date": "2023-10-03T08:11:24Z"}
{"item": "laptop", "user": 876, "date": "2023-10-03T08:11:24Z"}
{"item": "3D printer", "user": 834, "date": "2023-10-03T08:11:24Z"}
{"item": "game controller", "user": 522, "date": "2023-10-03T08:11:24Z"}
{"item": "dual monitor stand", "user": 615, "date": "2023-10-03T08:11:24Z"}
{"item": "drone", "user": 236, "date": "2023-10-03T08:11:24Z"}
{"item": "barometric pressure sensor", "user": 378, "date": "2023-10-03T08:11:24Z"}
{"item": "router", "user": 799, "date": "2023-10-03T08:11:24Z"}
{"item": "smart thermostat", "user": 312, "date": "2023-10-03T08:11:24Z"}
{"item": "external hard drive", "user": 52, "date": "2023-10-03T08:11:24Z"}
{"item": "solar calculator", "user": 518, "date": "2023-10-03T08:11:24Z"}
{"item": "digital microscope", "user": 707, "date": "2023-10-03T08:11:24Z"}
{"item": "document camera", "user": 531, "date": "2023-10-03T08:11:24Z"}
{"item": "robotic prosthetic", "user": 544, "date": "2023-10-03T08:11:24Z"}
{"item": "smart mirror", "user": 46, "date": "2023-10-03T08:11:24Z"}
{"item": "external DVD drive", "user": 954, "date": "2023-10-03T08:11:24Z"}
{"item": "computer case", "user": 913, "date": "2023-10-03T08:11:24Z"}
{"item": "power strip", "user": 759, "date": "2023-10-03T08:11:24Z"}
{"item": "smart glasses", "user": 213, "date": "2023-10-03T08:11:24Z"}
{"item": "digital camera", "user": 403, "date": "2023-10-03T08:11:24Z"}
{"item": "scientific calculator", "user": 620, "date": "2023-10-03T08:11:24Z"}
{"item": "smartwatch", "user": 578, "date": "2023-10-03T08:11:24Z"}
{"item": "portable charger", "user": 365, "date": "2023-10-03T08:11:24Z"}
{"item": "robot lawn mower", "user": 241, "date": "2023-10-03T08:11:24Z"}
{"item": "robotic sensor", "user": 499, "date": "2023-10-03T08:11:24Z"}
{"item": "gaming keyboard", "user": 872, "date": "2023-10-03T08:11:24Z"}
